<?xml version="1.0" encoding="UTF-8"?>
<!-- Generated by org.testng.reporters.JUnitReportReporter -->
<testsuite hostname="Poonam" failures="0" tests="3" name="com.test.DemoTest" time="0.023" errors="0" timestamp="2025-02-20T18:24:59 IST" skipped="1">
  <testcase classname="com.test.DemoTest" name="login" time="0.020"/>
  <system-out/>
  <testcase classname="com.test.DemoTest" name="user" time="0.003"/>
  <system-out/>
  <testcase classname="com.test.DemoTest" name="dash">
    <skipped/>
  </testcase> <!-- dash -->
  <system-out/>
</testsuite> <!-- com.test.DemoTest -->
