<?xml version="1.0" encoding="UTF-8"?>
<!-- Generated by org.testng.reporters.JUnitReportReporter -->
<testsuite hostname="Poonam" failures="0" tests="1" name="com.test.WindowHandle" time="9.120" errors="0" timestamp="2025-02-20T18:29:08 IST" skipped="0">
  <testcase classname="com.test.WindowHandle" name="test01" time="9.120"/>
  <system-out/>
</testsuite> <!-- com.test.WindowHandle -->
