<?xml version="1.0" encoding="UTF-8"?>
<!-- Generated by org.testng.reporters.JUnitReportReporter -->
<testsuite hostname="Poonam" failures="0" tests="2" name="com.test.DemoTest2" time="0.017" errors="0" timestamp="2025-02-13T14:13:02 IST" skipped="0">
  <testcase classname="com.test.DemoTest2" name="dash" time="0.015"/>
  <testcase classname="com.test.DemoTest2" name="test3" time="0.002"/>
</testsuite> <!-- com.test.DemoTest2 -->
