<?xml version="1.0" encoding="UTF-8"?>
<!-- Generated by org.testng.reporters.JUnitReportReporter -->
<testsuite hostname="Poonam" failures="0" tests="3" name="com.test.DemoTest" time="0.037" errors="0" timestamp="2025-02-13T13:51:55 IST" skipped="1">
  <testcase classname="com.test.DemoTest" name="login" time="0.034"/>
  <testcase classname="com.test.DemoTest" name="user" time="0.003"/>
  <testcase classname="com.test.DemoTest" name="dash">
    <skipped/>
  </testcase> <!-- dash -->
</testsuite> <!-- com.test.DemoTest -->
