<?xml version="1.0" encoding="UTF-8"?>
<!-- Generated by org.testng.reporters.JUnitReportReporter -->
<testsuite hostname="Poonam" failures="0" tests="1" name="com.test.DemoTest3" time="7.970" errors="0" timestamp="2025-02-13T14:44:40 IST" skipped="0">
  <testcase classname="com.test.DemoTest3" name="browserTest" time="7.970"/>
</testsuite> <!-- com.test.DemoTest3 -->
